<?xml version="1.0" encoding="UTF-8"?>
<testng-results ignored="0" total="1" passed="1" failed="0" skipped="0">
  <reporter-output>
  </reporter-output>
  <suite started-at="2021-10-08T12:38:28 IST" name="Suite" finished-at="2021-10-08T12:39:08 IST" duration-ms="39503">
    <groups>
    </groups>
    <test started-at="2021-10-08T12:38:28 IST" name="Test" finished-at="2021-10-08T12:39:08 IST" duration-ms="39503">
      <class name="org.automationtest.blazedemo.Test01">
        <test-method signature="TS001()[pri:0, instance:org.automationtest.blazedemo.Test01@36d585c]" started-at="2021-10-08T12:38:28 IST" name="TS001" finished-at="2021-10-08T12:39:08 IST" duration-ms="39456" status="PASS">
          <reporter-output>
          </reporter-output>
        </test-method> <!-- TS001 -->
      </class> <!-- org.automationtest.blazedemo.Test01 -->
    </test> <!-- Test -->
  </suite> <!-- Suite -->
</testng-results>
